
Yumpu class initialized
getDocument - api.yumpu.com/2.0/document.json?id=55834590&return_fields=id,create_date,update_date,url,image_small
postDocumetFile - api.yumpu.com/2.0/document/url.json
Yumpu class initialized
getDocument - api.yumpu.com/2.0/document.json?id=55834590&return_fields=id,create_date,update_date,url,image_small
postDocumetFile - api.yumpu.com/2.0/document/url.json
Yumpu class initialized
getDocument - api.yumpu.com/2.0/document.json?id=55834590&return_fields=id,create_date,update_date,url,image_small
postDocumetFile - api.yumpu.com/2.0/document/url.json
Yumpu class initialized
getDocument - api.yumpu.com/2.0/document.json?id=55834590&return_fields=id,create_date,update_date,url,image_small
postDocumetFile - api.yumpu.com/2.0/document/url.json
Yumpu class initialized
getDocument - api.yumpu.com/2.0/document.json?id=55834590&return_fields=id,create_date,update_date,url,image_small
postDocumetFile - api.yumpu.com/2.0/document/url.json
getDocument - api.yumpu.com/2.0/document.json?id=55834590&return_fields=id,create_date,update_date,url,image_small
Yumpu class initialized
postDocumetFile - api.yumpu.com/2.0/document/url.json
Yumpu class initialized
getDocument - api.yumpu.com/2.0/document.json?id=55834590&return_fields=id,create_date,update_date,url,image_small
postDocumetFile - api.yumpu.com/2.0/document/url.json
getDocument - api.yumpu.com/2.0/document.json?id=55834590&return_fields=id,create_date,update_date,url,image_small
Yumpu class initialized
postDocumetFile - api.yumpu.com/2.0/document/url.json
getDocument - api.yumpu.com/2.0/document.json?id=55834590&return_fields=id,create_date,update_date,url,image_small
Yumpu class initialized
postDocumetFile - api.yumpu.com/2.0/document/url.json
getDocument - api.yumpu.com/2.0/document.json?id=55834590&return_fields=id,create_date,update_date,url,image_small
Yumpu class initialized
postDocumetFile - api.yumpu.com/2.0/document/url.json
Yumpu class initialized
getDocument - api.yumpu.com/2.0/document.json?id=55834590&return_fields=id,create_date,update_date,url,image_small
postDocumetFile - api.yumpu.com/2.0/document/url.json
Yumpu class initialized
getDocument - api.yumpu.com/2.0/document.json?id=55834590&return_fields=id,create_date,update_date,url,image_small
postDocumetFile - api.yumpu.com/2.0/document/url.json
Yumpu class initialized
getDocument - api.yumpu.com/2.0/document.json?id=55834590&return_fields=id,create_date,update_date,url,image_small
postDocumetFile - api.yumpu.com/2.0/document/url.json
Yumpu class initialized
getDocument - api.yumpu.com/2.0/document.json?id=55834590&return_fields=id,create_date,update_date,url,image_small
postDocumetFile - api.yumpu.com/2.0/document/url.json
Yumpu class initialized
getDocument - api.yumpu.com/2.0/document.json?id=55834590&return_fields=id,create_date,update_date,url,image_small
postDocumetFile - api.yumpu.com/2.0/document/url.json
Yumpu class initialized
getDocument - api.yumpu.com/2.0/document.json?id=55834590&return_fields=id,create_date,update_date,url,image_small
postDocumetFile - api.yumpu.com/2.0/document/url.json
Yumpu class initialized
getDocument - api.yumpu.com/2.0/document.json?id=55834590&return_fields=id,create_date,update_date,url,image_small
postDocumetFile - api.yumpu.com/2.0/document/url.json
Yumpu class initialized
getDocument - api.yumpu.com/2.0/document.json?id=55834590&return_fields=id,create_date,update_date,url,image_small
postDocumetFile - api.yumpu.com/2.0/document/url.json
Yumpu class initialized
postDocumetFile - api.yumpu.com/2.0/document/url.json
Yumpu class initialized
postDocumetFile - api.yumpu.com/2.0/document/url.json
Yumpu class initialized
postDocumetFile - api.yumpu.com/2.0/document/url.json
Yumpu class initialized
postDocumetFile - api.yumpu.com/2.0/document/url.json
postDocumetFile - api.yumpu.com/2.0/document/url.json
Yumpu class initialized
Yumpu class initialized
postDocumetFile - api.yumpu.com/2.0/document/url.json
Yumpu class initialized
postDocumetFile - api.yumpu.com/2.0/document/url.json
Yumpu class initialized
postDocumetFile - api.yumpu.com/2.0/document/url.json
postDocumetFile - api.yumpu.com/2.0/document/url.json
Yumpu class initialized
Yumpu class initialized
postDocumetFile - api.yumpu.com/2.0/document/url.json
Yumpu class initialized
getDocument - api.yumpu.com/2.0/document.json?id=55834590&return_fields=id,create_date,update_date,url,image_small
Yumpu class initialized
postDocumetFile - api.yumpu.com/2.0/document/url.json
Yumpu class initialized
getDocuments - api.yumpu.com/2.0/documents.json
Yumpu class initialized
getDocuments - api.yumpu.com/2.0/documents.json?offset=0&limit=1&sort=desc
Yumpu class initialized
getDocument - api.yumpu.com/2.0/document.json?id=55834590&return_fields=id,create_date,update_date,url,image_small
postDocumetFile - api.yumpu.com/2.0/document/url.json
Yumpu class initialized
getDocument - api.yumpu.com/2.0/document.json?id=55834590&return_fields=id,create_date,update_date,url,image_small
postDocumetFile - api.yumpu.com/2.0/document/file.json
Yumpu class initialized
getDocument - api.yumpu.com/2.0/document.json?id=55834590&return_fields=id,create_date,update_date,url,image_small
postDocumetFile - api.yumpu.com/2.0/document/file.json
Yumpu class initialized
getDocument - api.yumpu.com/2.0/document.json?id=55834590&return_fields=id,create_date,update_date,url,image_small
postDocumetFile - api.yumpu.com/2.0/document/file.json
getDocument - api.yumpu.com/2.0/document.json?id=55834590&return_fields=id,create_date,update_date,url,image_small
Yumpu class initialized
postDocumetFile - api.yumpu.com/2.0/document/file.json
Yumpu class initialized
getDocument - api.yumpu.com/2.0/document.json?id=55834590&return_fields=id,create_date,update_date,url,image_small
postDocumetFile - api.yumpu.com/2.0/document/file.json
getDocument - api.yumpu.com/2.0/document.json?id=55834590&return_fields=id,create_date,update_date,url,image_small
Yumpu class initialized
postDocumetFile - api.yumpu.com/2.0/document/file.json
Yumpu class initialized
getDocument - api.yumpu.com/2.0/document.json?id=55834590&return_fields=id,create_date,update_date,url,image_small
postDocumetFile - api.yumpu.com/2.0/document/file.json
getDocument - api.yumpu.com/2.0/document.json?id=55834590&return_fields=id,create_date,update_date,url,image_small
Yumpu class initialized
postDocumetFile - api.yumpu.com/2.0/document/file.json
Yumpu class initialized
getDocument - api.yumpu.com/2.0/document.json?id=55834590&return_fields=id,create_date,update_date,url,image_small
postDocumetFile - api.yumpu.com/2.0/document/file.json
getDocument - api.yumpu.com/2.0/document.json?id=55834590&return_fields=id,create_date,update_date,url,image_small
Yumpu class initialized
postDocumetFile - api.yumpu.com/2.0/document/file.json
getDocument - api.yumpu.com/2.0/document.json?id=55834590&return_fields=id,create_date,update_date,url,image_small
Yumpu class initialized
postDocumetFile - api.yumpu.com/2.0/document/file.json
getDocument - api.yumpu.com/2.0/document.json?id=55834590&return_fields=id,create_date,update_date,url,image_small
Yumpu class initialized
postDocumetFile - api.yumpu.com/2.0/document/file.json
Yumpu class initialized
getDocument - api.yumpu.com/2.0/document.json?id=55834590&return_fields=id,create_date,update_date,url,image_small
postDocumetFile - api.yumpu.com/2.0/document/file.json
postDocumetFile - api.yumpu.com/2.0/document/url.json
getDocument - api.yumpu.com/2.0/document.json?id=55834590&return_fields=id,create_date,update_date,url,image_small
Yumpu class initialized
postDocumetFile - api.yumpu.com/2.0/document/file.json
getDocument - api.yumpu.com/2.0/document.json?id=55834590&return_fields=id,create_date,update_date,url,image_small
Yumpu class initialized
postDocumetFile - api.yumpu.com/2.0/document/file.json
getDocument - api.yumpu.com/2.0/document.json?id=55834590&return_fields=id,create_date,update_date,url,image_small
Yumpu class initialized
postDocumetFile - api.yumpu.com/2.0/document/file.json
getDocument - api.yumpu.com/2.0/document.json?id=55834590&return_fields=id,create_date,update_date,url,image_small
Yumpu class initialized
postDocumetFile - api.yumpu.com/2.0/document/file.json
getDocument - api.yumpu.com/2.0/document.json?id=55834590&return_fields=id,create_date,update_date,url,image_small
Yumpu class initialized
getDocument - api.yumpu.com/2.0/document.json?id=55834590&return_fields=id,create_date,update_date,url,image_small
Yumpu class initialized
getDocument - api.yumpu.com/2.0/document.json?id=55834590&return_fields=id,create_date,update_date,url,image_small
Yumpu class initialized
postDocumetFile - api.yumpu.com/2.0/document/file.json
getDocument - api.yumpu.com/2.0/document.json?id=55834590&return_fields=id,create_date,update_date,url,image_small
Yumpu class initialized
postDocumetFile - api.yumpu.com/2.0/document/file.json
getDocument - api.yumpu.com/2.0/document.json?id=55834590&return_fields=id,create_date,update_date,url,image_small
Yumpu class initialized
postDocumetFile - api.yumpu.com/2.0/document/url.json
Yumpu class initialized
getDocument - api.yumpu.com/2.0/document.json?id=55834590&return_fields=id,create_date,update_date,url,image_small
postDocumetFile - api.yumpu.com/2.0/document/url.json